<?xml version="1.0" encoding="UTF-8"?>
<coverage generated="1710968781806" clover="3.2.0">
  <project timestamp="1710968781807" name="All files">
    <metrics statements="38" coveredstatements="29" conditionals="25" coveredconditionals="17" methods="12" coveredmethods="10" elements="75" coveredelements="56" complexity="0" loc="38" ncloc="38" packages="2" files="2" classes="2"/>
    <package name="dist.config">
      <metrics statements="24" coveredstatements="19" conditionals="22" coveredconditionals="17" methods="10" coveredmethods="8"/>
      <file name="db.js" path="D:\Coder\backEnd\Blogger\dist\config\db.js">
        <metrics statements="24" coveredstatements="19" conditionals="22" coveredconditionals="17" methods="10" coveredmethods="8"/>
        <line num="2" count="1" type="cond" truecount="3" falsecount="0"/>
        <line num="3" count="1" type="cond" truecount="1" falsecount="1"/>
        <line num="4" count="1" type="cond" truecount="2" falsecount="0"/>
        <line num="5" count="1" type="stmt"/>
        <line num="6" count="0" type="stmt"/>
        <line num="7" count="2" type="cond" truecount="2" falsecount="0"/>
        <line num="8" count="1" type="cond" truecount="2" falsecount="0"/>
        <line num="11" count="1" type="cond" truecount="3" falsecount="0"/>
        <line num="12" count="2" type="cond" truecount="3" falsecount="1"/>
        <line num="14" count="1" type="stmt"/>
        <line num="16" count="1" type="stmt"/>
        <line num="17" count="1" type="stmt"/>
        <line num="18" count="1" type="stmt"/>
        <line num="19" count="1" type="stmt"/>
        <line num="20" count="1" type="stmt"/>
        <line num="21" count="1" type="stmt"/>
        <line num="22" count="1" type="cond" truecount="1" falsecount="1"/>
        <line num="23" count="0" type="stmt"/>
        <line num="25" count="1" type="stmt"/>
        <line num="29" count="1" type="stmt"/>
        <line num="32" count="0" type="cond" truecount="0" falsecount="2"/>
        <line num="33" count="0" type="stmt"/>
        <line num="36" count="0" type="stmt"/>
        <line num="40" count="1" type="stmt"/>
      </file>
    </package>
    <package name="src.config">
      <metrics statements="14" coveredstatements="10" conditionals="3" coveredconditionals="0" methods="2" coveredmethods="2"/>
      <file name="db.ts" path="D:\Coder\backEnd\Blogger\src\config\db.ts">
        <metrics statements="14" coveredstatements="10" conditionals="3" coveredconditionals="0" methods="2" coveredmethods="2"/>
        <line num="2" count="1" type="stmt"/>
        <line num="3" count="1" type="stmt"/>
        <line num="5" count="1" type="stmt"/>
        <line num="7" count="1" type="stmt"/>
        <line num="9" count="1" type="stmt"/>
        <line num="10" count="1" type="stmt"/>
        <line num="11" count="1" type="cond" truecount="0" falsecount="1"/>
        <line num="12" count="0" type="stmt"/>
        <line num="15" count="1" type="stmt"/>
        <line num="20" count="1" type="stmt"/>
        <line num="23" count="0" type="cond" truecount="0" falsecount="2"/>
        <line num="24" count="0" type="stmt"/>
        <line num="26" count="0" type="stmt"/>
        <line num="30" count="1" type="stmt"/>
      </file>
    </package>
  </project>
</coverage>
